<?xml version="1.0" encoding="UTF-8"?>
<!-- Generated by org.testng.reporters.JUnitReportReporter -->
<testsuite hostname="yash_patel" failures="0" tests="1" name="com.ExitTest.tests.AddToCartTest" time="44.363" errors="0" timestamp="09 Feb 2022 11:11:22 GMT" skipped="0">
  <testcase classname="com.ExitTest.tests.AddToCartTest" name="SaveForLater" time="44.363"/>
</testsuite> <!-- com.ExitTest.tests.AddToCartTest -->
