<?xml version="1.0" encoding="UTF-8"?>
<!-- Generated by org.testng.reporters.JUnitReportReporter -->
<testsuite hostname="yash_patel" failures="0" tests="4" name="com.ExitTest.tests.LoginPageTests" time="36.627" errors="0" timestamp="09 Feb 2022 18:40:24 GMT" skipped="0">
  <testcase classname="com.ExitTest.tests.LoginPageTests" name="validLogin" time="9.114"/>
  <testcase classname="com.ExitTest.tests.LoginPageTests" name="invalidUsername" time="10.411"/>
  <testcase classname="com.ExitTest.tests.LoginPageTests" name="invalidPassword" time="9.833"/>
  <testcase classname="com.ExitTest.tests.LoginPageTests" name="invalidUsernameAndPassword" time="7.269"/>
</testsuite> <!-- com.ExitTest.tests.LoginPageTests -->
