<?xml version="1.0" encoding="UTF-8"?>
<!-- Generated by org.testng.reporters.JUnitReportReporter -->
<testsuite hostname="yash_patel" failures="0" tests="1" name="com.ExitTest.tests.HomeTest" time="37.303" errors="0" timestamp="09 Feb 2022 08:53:26 GMT" skipped="0">
  <testcase classname="com.ExitTest.tests.HomeTest" name="flipkartFilterType" time="37.303"/>
</testsuite> <!-- com.ExitTest.tests.HomeTest -->
