<?xml version="1.0" encoding="UTF-8"?>
<!-- Generated by org.testng.reporters.JUnitReportReporter -->
<testsuite hostname="yash_patel" failures="0" tests="1" name="com.ExitTest.tests.LogoutPageTests" time="31.321" errors="0" timestamp="09 Feb 2022 18:40:24 GMT" skipped="0">
  <testcase classname="com.ExitTest.tests.LogoutPageTests" name="logout" time="31.321"/>
</testsuite> <!-- com.ExitTest.tests.LogoutPageTests -->
