<?xml version="1.0" encoding="UTF-8"?>
<!-- Generated by org.testng.reporters.JUnitReportReporter -->
<testsuite hostname="yash_patel" failures="0" tests="1" name="com.ExitTest.tests.LogoutTest" time="30.311" errors="0" timestamp="09 Feb 2022 11:23:31 GMT" skipped="0">
  <testcase classname="com.ExitTest.tests.LogoutTest" name="logout" time="30.311"/>
</testsuite> <!-- com.ExitTest.tests.LogoutTest -->
