<?xml version="1.0" encoding="UTF-8"?>
<!-- Generated by org.testng.reporters.JUnitReportReporter -->
<testsuite hostname="yash_patel" failures="0" tests="1" name="com.ExitTest.tests.LogoutPageTests" time="29.993" errors="0" timestamp="10 Feb 2022 18:24:18 GMT" skipped="0">
  <testcase classname="com.ExitTest.tests.LogoutPageTests" name="logout" time="29.993"/>
</testsuite> <!-- com.ExitTest.tests.LogoutPageTests -->
