<?xml version="1.0" encoding="UTF-8"?>
<!-- Generated by org.testng.reporters.JUnitReportReporter -->
<testsuite hostname="yash_patel" failures="0" tests="4" name="com.ExitTest.tests.CartTests" time="147.191" errors="0" timestamp="10 Feb 2022 18:24:18 GMT" skipped="0">
  <testcase classname="com.ExitTest.tests.CartTests" name="SaveForLater" time="36.174"/>
  <testcase classname="com.ExitTest.tests.CartTests" name="checkSize" time="31.512"/>
  <testcase classname="com.ExitTest.tests.CartTests" name="RemoveProductFromCart" time="35.566"/>
  <testcase classname="com.ExitTest.tests.CartTests" name="AddProductToCart" time="43.939"/>
</testsuite> <!-- com.ExitTest.tests.CartTests -->
